<?xml version="1.0" encoding="UTF-8"?>
<testng-results ignored="0" total="2" passed="2" failed="0" skipped="0">
  <reporter-output>
  </reporter-output>
  <suite started-at="2021-06-21T14:20:57 IST" name="Default suite" finished-at="2021-06-21T14:22:04 IST" duration-ms="67166">
    <groups>
    </groups>
    <test started-at="2021-06-21T14:20:57 IST" name="Default test" finished-at="2021-06-21T14:22:04 IST" duration-ms="67166">
      <class name="MyFootballLive">
        <test-method is-config="true" signature="setUp()[pri:0, instance:MyFootballLive@57a78e3]" started-at="2021-06-21T14:20:57 IST" name="setUp" finished-at="2021-06-21T14:21:59 IST" duration-ms="61814" status="PASS">
          <reporter-output>
          </reporter-output>
        </test-method> <!-- setUp -->
        <test-method is-config="true" signature="beforeMethod()[pri:0, instance:MyFootballLive@57a78e3]" started-at="2021-06-21T14:21:59 IST" name="beforeMethod" finished-at="2021-06-21T14:21:59 IST" duration-ms="1" status="PASS">
          <reporter-output>
          </reporter-output>
        </test-method> <!-- beforeMethod -->
        <test-method signature="test_cricket_definition()[pri:0, instance:MyFootballLive@57a78e3]" started-at="2021-06-21T14:21:59 IST" name="test_cricket_definition" finished-at="2021-06-21T14:22:03 IST" duration-ms="4161" status="PASS">
          <reporter-output>
          </reporter-output>
        </test-method> <!-- test_cricket_definition -->
        <test-method is-config="true" signature="afterMethod()[pri:0, instance:MyFootballLive@57a78e3]" started-at="2021-06-21T14:22:03 IST" name="afterMethod" finished-at="2021-06-21T14:22:03 IST" duration-ms="0" status="PASS">
          <reporter-output>
          </reporter-output>
        </test-method> <!-- afterMethod -->
        <test-method is-config="true" signature="beforeMethod()[pri:0, instance:MyFootballLive@57a78e3]" started-at="2021-06-21T14:22:03 IST" name="beforeMethod" finished-at="2021-06-21T14:22:03 IST" duration-ms="0" status="PASS">
          <reporter-output>
          </reporter-output>
        </test-method> <!-- beforeMethod -->
        <test-method signature="test_cricket_matches_type()[pri:0, instance:MyFootballLive@57a78e3]" started-at="2021-06-21T14:22:03 IST" name="test_cricket_matches_type" finished-at="2021-06-21T14:22:04 IST" duration-ms="614" status="PASS">
          <reporter-output>
          </reporter-output>
        </test-method> <!-- test_cricket_matches_type -->
        <test-method is-config="true" signature="afterMethod()[pri:0, instance:MyFootballLive@57a78e3]" started-at="2021-06-21T14:22:04 IST" name="afterMethod" finished-at="2021-06-21T14:22:04 IST" duration-ms="0" status="PASS">
          <reporter-output>
          </reporter-output>
        </test-method> <!-- afterMethod -->
        <test-method is-config="true" signature="teardown()[pri:0, instance:MyFootballLive@57a78e3]" started-at="2021-06-21T14:22:04 IST" name="teardown" finished-at="2021-06-21T14:22:04 IST" duration-ms="529" status="PASS">
          <reporter-output>
          </reporter-output>
        </test-method> <!-- teardown -->
      </class> <!-- MyFootballLive -->
    </test> <!-- Default test -->
  </suite> <!-- Default suite -->
</testng-results>
